D:\REDRUM\REFLECTIVEDLLINJECTION-MASTER\REFLECTIVEDLLINJECTION-MASTER\DLL\RELEASE\REFLECTIVELOADER.OBJ
D:\REDRUM\REFLECTIVEDLLINJECTION-MASTER\REFLECTIVEDLLINJECTION-MASTER\DLL\RELEASE\REFLECTIVEDLL.OBJ
D:\REDRUM\REFLECTIVEDLLINJECTION-MASTER\REFLECTIVEDLLINJECTION-MASTER\DLL\RELEASE\VC110.PDB
D:\REDRUM\REFLECTIVEDLLINJECTION-MASTER\REFLECTIVEDLLINJECTION-MASTER\RELEASE\REFLECTIVE_DLL.DLL
D:\REDRUM\REFLECTIVEDLLINJECTION-MASTER\REFLECTIVEDLLINJECTION-MASTER\RELEASE\REFLECTIVE_DLL.PDB
D:\Redrum\ReflectiveDLLInjection-master\ReflectiveDLLInjection-master\Release\reflective_dll.lib
D:\Redrum\ReflectiveDLLInjection-master\ReflectiveDLLInjection-master\Release\reflective_dll.exp
D:\Redrum\ReflectiveDLLInjection-master\ReflectiveDLLInjection-master\dll\Release\ReflectiveDll.obj
D:\Redrum\ReflectiveDLLInjection-master\ReflectiveDLLInjection-master\dll\Release\ReflectiveLoader.obj
D:\Redrum\ReflectiveDLLInjection-master\ReflectiveDLLInjection-master\dll\Release\cl.command.1.tlog
D:\Redrum\ReflectiveDLLInjection-master\ReflectiveDLLInjection-master\dll\Release\CL.read.1.tlog
D:\Redrum\ReflectiveDLLInjection-master\ReflectiveDLLInjection-master\dll\Release\CL.write.1.tlog
D:\Redrum\ReflectiveDLLInjection-master\ReflectiveDLLInjection-master\dll\Release\link-cvtres.read.1.tlog
D:\Redrum\ReflectiveDLLInjection-master\ReflectiveDLLInjection-master\dll\Release\link-cvtres.write.1.tlog
D:\Redrum\ReflectiveDLLInjection-master\ReflectiveDLLInjection-master\dll\Release\link-rc.read.1.tlog
D:\Redrum\ReflectiveDLLInjection-master\ReflectiveDLLInjection-master\dll\Release\link-rc.write.1.tlog
D:\Redrum\ReflectiveDLLInjection-master\ReflectiveDLLInjection-master\dll\Release\link.command.1.tlog
D:\Redrum\ReflectiveDLLInjection-master\ReflectiveDLLInjection-master\dll\Release\link.read.1.tlog
D:\Redrum\ReflectiveDLLInjection-master\ReflectiveDLLInjection-master\dll\Release\link.write.1.tlog
D:\Redrum\ReflectiveDLLInjection-master\ReflectiveDLLInjection-master\dll\Release\reflective_dll.write.1.tlog
D:\Redrum\ReflectiveDLLInjection-master\ReflectiveDLLInjection-master\dll\Release\vc110.pdb
D:\Redrum\ReflectiveDLLInjection-master\ReflectiveDLLInjection-master\Release\reflective_dll.pdb
D:\Redrum\ReflectiveDLLInjection-master\ReflectiveDLLInjection-master\Release\reflective_dll.dll
